********* FSUIPC7, Version 7.4.17 (4th September 2024) by John Dowson *********
**** New version available: version 7.5.4 is available ****
MS Store installation detected: Checking for FS path in 'C:\Users\77291\AppData\Local\Packages\Microsoft.FlightSimulator_8wekyb3d8bbwe\LocalCache\UserCfg.opt'
FS path found = G:\MSFS2020\
WebSocket server found: D:\下载\程序开发文档\CPilot\FSUIPC7\\Utils\FSUIPCWebSocketServer.exe
Windows 11 detected - setting DisableMSFSMonitor to 'Enum'
Windows 10 Home China 64 Bit reported as Build 26100, Release ID: 2009 (OS 10.0)
FSUIPC is running with standard privileges
Reading options from "D:\下载\程序开发文档\CPilot\FSUIPC7\FSUIPC7.ini"
Checking the Registrations now ...
User Name="Tang Qinghui"
User Addr="admin@fsxchina.com"
FSUIPC7 Key is provided
WIDEFS7 not user registered, or expired
       63 System time = 06/10/2025 11:37:47
       63 FLT path = "C:\Users\77291\AppData\Local\Packages\Microsoft.FlightSimulator_8wekyb3d8bbwe\LocalState\"
       63 Allowing calibration when not assigned with 'Send direct to FSUIPC Calibration'
       94 -------------------------------------------------------------------
      110 *** Calcode for preset 'GNS530_GNS430' exceeds max allowed length of 1023 characters - ignoring
      110 Preset file 'D:\下载\程序开发文档\CPilot\FSUIPC7\myevents.txt' not found [info only]
      110 16557 Calculator Code presets have been loaded and are available for use
      188 Run: "D:\下载\程序开发文档\CPilot\FSUIPC7\\Utils\FSUIPCWebSocketServer.exe"
      188 Registered HotKey 'InvokeFSUIPCOptionsKey' (key=0x46, modifier=0x1)
      204 FS path = "G:\MSFS2020\"
      204 WASM not installed - WAPI not enabled
      204 ---------------------- Joystick Device Scan -----------------------
      204 Product= Android Gamepad
      204    Manufacturer= Android Gamepad
      204    Vendor=2563, Product=0526 (Version 1.0)
      313    GUIDs returned for product: VID_2563&PID_0526:
      313       GUID= {E527DC30-FD15-11EF-8002-444553540000}
      313       Details: Btns=15, POVs=(0, 0, 0, 0), Cal=x00000000, Max=R255,U0,V0,X255,Y255,Z255
      313 -------------------------------------------------------------------
      344 Device acquired for use:
      344    Joystick ID = 0 (Registry okay)
      344    0=Android Gamepad
      344    0.GUID={E527DC30-FD15-11EF-8002-444553540000}
      344 -------------------------------------------------------------------
      375 LogOptions=00000000 00000001
      375 Manually started with DetectToConnectDelay=1, InitialStallTime=15
      375 *** FSUIPC WASM module not detected - not adding WASM menu
  8955407 Simulator detected
  8956422 Trying to connect...
  8971860 Trying to connect...
  8987297 Trying to connect...
  9002735 Trying to connect...
  9018157 Trying to connect...
  9033594 Trying to connect...
  9049016 Trying to connect...
  9064454 Trying to connect...
  9079891 Trying to connect...
  9095329 Trying to connect...
  9110750 Trying to connect...
  9126188 Trying to connect...
  9141625 Trying to connect...
  9156625 **** SimConnect open event not received in required time limit: Re-connecting now...
  9156844 Trying to connect...
  9157750 SimConnect_Open succeeded
  9157750 Running in "KittyHawk", Version: 11.0.282174.999 (SimConnect: 11.0.62651.3)
  9157750 MSFS version = 11.0.282174.999
  9157766 Initialising SimConnect data requests now
  9157766 Offset file 'D:\下载\程序开发文档\CPilot\FSUIPC7\myOffsets.txt' not found (info only)
  9157766 Mapping custom control numbers 69632 - 84232 (maximum defined by ini parameter MaxCustomControlNumber, defaults to 84232 when not present)
  9157766 Maximum number of custom events available is 1024 (defined by ini parameter MaxNumberOfCustomEvents)
  9157782 Aircraft loaded: running normally now ...
  9162969 User Aircraft ID not supplied -- trying default
  9162969 Requesting keyboard input...
  9162969 Requesting user aircraft data...
  9214079 System time = 06/10/2025 14:11:21, Simulator time = 06:11:19 (06:11Z)
  9214079 Aircraft="Airbus A320 Neo FlyByWire"
  9686625 C:\Users\77291\AppData\Local\Packages\Microsoft.FlightSimulator_8wekyb3d8bbwe\LocalState\MISSIONS\Custom\CustomFlight\CustomFlight.FLT
  9695438 g:\msfs2020\community\flybywire-aircraft-a320-neo\simobjects\airplanes\flybywire_a320_neo\aircraft.cfg
  9749500 -------------------- Starting everything now ----------------------
  9749500 Requesting Input Events....
  9749500 Starting aircraft lua Autos....
 10592579 **** InputEvent received but not known: 18034926045978766532
 10609844 **** InputEvent received but not known: 18034926045978766532
 10622219 **** InputEvent received but not known: 18034926045978766532
 10622547 **** InputEvent received but not known: 18034926045978766532
 10745422 MSFS no longer running - exiting
 10745438 Stopped: "D:\下载\程序开发文档\CPilot\FSUIPC7\\Utils\FSUIPCWebSocketServer.exe"
 10745438 === Hot key unregistered
 10745438 === Stop called ...
 10745438 === Closing external processes we started ...
 10745954 === About to kill any Lua plug-ins still running ...
 10746110 === Closing global Lua thread
 10746875 === About to kill my timers ...
 10747079 === Restoring window procs ...
 10747079 === Unloading libraries ...
 10747079 === stopping other threads ...
 10747079 === ... Button scanning ...
 10747188 === ... Axis scanning ...
 10747297 === Releasing joystick devices ...
 10747297 === Freeing macro memory
 10747297 === Removing any offset overrides
 10747297 === Clearing any displays left
 10747297 === Calling SimConnect_Close ...
 10747516 === SimConnect_Close done!
 10747516 === AI slots deleted!
 10747516 === Freeing button memory ...
 10747516 === Closing my Windows ...
 10747516 === Freeing FS libraries ...
 10748532 === Closing devices ...
 10748532 === Closing the Log ... Bye Bye! ...
 10748532 System time = 06/10/2025 14:36:56
 10748532 *** FSUIPC log file being closed
Minimum frame rate was 39.1 fps, Maximum was 99.7 fps
Average frame rate for running time of 1569 secs = 70.0 fps
Maximum AI traffic for session was 24 aircraft
Traffic deletions 0 aircraft
Memory managed: 6 Allocs, 4 Freed
********* FSUIPC Log file closed ***********
